2020-04-26 09:09:22.158 [New I/O server worker #1-8] ERROR c.a.otter.canal.server.netty.handler.SessionHandler - something goes wrong with channel:[id: 0x52acaab3, /127.0.0.1:55227 => /127.0.0.1:11111], exception=java.io.IOException: 远程主机强迫关闭了一个现有的连接。
	at sun.nio.ch.SocketDispatcher.read0(Native Method)
	at sun.nio.ch.SocketDispatcher.read(SocketDispatcher.java:43)
	at sun.nio.ch.IOUtil.readIntoNativeBuffer(IOUtil.java:223)
	at sun.nio.ch.IOUtil.read(IOUtil.java:192)
	at sun.nio.ch.SocketChannelImpl.read(SocketChannelImpl.java:380)
	at org.jboss.netty.channel.socket.nio.NioWorker.read(NioWorker.java:322)
	at org.jboss.netty.channel.socket.nio.NioWorker.processSelectedKeys(NioWorker.java:281)
	at org.jboss.netty.channel.socket.nio.NioWorker.run(NioWorker.java:201)
	at org.jboss.netty.util.internal.IoWorkerRunnable.run(IoWorkerRunnable.java:46)
	at java.util.concurrent.ThreadPoolExecutor.runWorker(ThreadPoolExecutor.java:1149)
	at java.util.concurrent.ThreadPoolExecutor$Worker.run(ThreadPoolExecutor.java:624)
	at java.lang.Thread.run(Thread.java:748)

2020-04-26 09:28:26.079 [New I/O server worker #1-9] ERROR c.a.otter.canal.server.netty.handler.SessionHandler - something goes wrong with channel:[id: 0x4d9d0c0c, /127.0.0.1:55992 => /127.0.0.1:11111], exception=java.io.IOException: 远程主机强迫关闭了一个现有的连接。
	at sun.nio.ch.SocketDispatcher.read0(Native Method)
	at sun.nio.ch.SocketDispatcher.read(SocketDispatcher.java:43)
	at sun.nio.ch.IOUtil.readIntoNativeBuffer(IOUtil.java:223)
	at sun.nio.ch.IOUtil.read(IOUtil.java:192)
	at sun.nio.ch.SocketChannelImpl.read(SocketChannelImpl.java:380)
	at org.jboss.netty.channel.socket.nio.NioWorker.read(NioWorker.java:322)
	at org.jboss.netty.channel.socket.nio.NioWorker.processSelectedKeys(NioWorker.java:281)
	at org.jboss.netty.channel.socket.nio.NioWorker.run(NioWorker.java:201)
	at org.jboss.netty.util.internal.IoWorkerRunnable.run(IoWorkerRunnable.java:46)
	at java.util.concurrent.ThreadPoolExecutor.runWorker(ThreadPoolExecutor.java:1149)
	at java.util.concurrent.ThreadPoolExecutor$Worker.run(ThreadPoolExecutor.java:624)
	at java.lang.Thread.run(Thread.java:748)

2020-04-26 09:32:27.823 [New I/O server worker #1-10] ERROR c.a.otter.canal.server.netty.handler.SessionHandler - something goes wrong with channel:[id: 0x73d1c823, /127.0.0.1:56327 => /127.0.0.1:11111], exception=java.io.IOException: 远程主机强迫关闭了一个现有的连接。
	at sun.nio.ch.SocketDispatcher.read0(Native Method)
	at sun.nio.ch.SocketDispatcher.read(SocketDispatcher.java:43)
	at sun.nio.ch.IOUtil.readIntoNativeBuffer(IOUtil.java:223)
	at sun.nio.ch.IOUtil.read(IOUtil.java:192)
	at sun.nio.ch.SocketChannelImpl.read(SocketChannelImpl.java:380)
	at org.jboss.netty.channel.socket.nio.NioWorker.read(NioWorker.java:322)
	at org.jboss.netty.channel.socket.nio.NioWorker.processSelectedKeys(NioWorker.java:281)
	at org.jboss.netty.channel.socket.nio.NioWorker.run(NioWorker.java:201)
	at org.jboss.netty.util.internal.IoWorkerRunnable.run(IoWorkerRunnable.java:46)
	at java.util.concurrent.ThreadPoolExecutor.runWorker(ThreadPoolExecutor.java:1149)
	at java.util.concurrent.ThreadPoolExecutor$Worker.run(ThreadPoolExecutor.java:624)
	at java.lang.Thread.run(Thread.java:748)

2020-04-26 09:34:24.954 [New I/O server worker #1-11] ERROR c.a.otter.canal.server.netty.handler.SessionHandler - something goes wrong with channel:[id: 0x53d710c7, /127.0.0.1:56388 => /127.0.0.1:11111], exception=java.io.IOException: 远程主机强迫关闭了一个现有的连接。
	at sun.nio.ch.SocketDispatcher.read0(Native Method)
	at sun.nio.ch.SocketDispatcher.read(SocketDispatcher.java:43)
	at sun.nio.ch.IOUtil.readIntoNativeBuffer(IOUtil.java:223)
	at sun.nio.ch.IOUtil.read(IOUtil.java:192)
	at sun.nio.ch.SocketChannelImpl.read(SocketChannelImpl.java:380)
	at org.jboss.netty.channel.socket.nio.NioWorker.read(NioWorker.java:322)
	at org.jboss.netty.channel.socket.nio.NioWorker.processSelectedKeys(NioWorker.java:281)
	at org.jboss.netty.channel.socket.nio.NioWorker.run(NioWorker.java:201)
	at org.jboss.netty.util.internal.IoWorkerRunnable.run(IoWorkerRunnable.java:46)
	at java.util.concurrent.ThreadPoolExecutor.runWorker(ThreadPoolExecutor.java:1149)
	at java.util.concurrent.ThreadPoolExecutor$Worker.run(ThreadPoolExecutor.java:624)
	at java.lang.Thread.run(Thread.java:748)

2020-04-26 09:35:40.140 [New I/O server worker #1-12] ERROR c.a.otter.canal.server.netty.handler.SessionHandler - something goes wrong with channel:[id: 0x6419c13c, /127.0.0.1:56432 => /127.0.0.1:11111], exception=java.io.IOException: 远程主机强迫关闭了一个现有的连接。
	at sun.nio.ch.SocketDispatcher.read0(Native Method)
	at sun.nio.ch.SocketDispatcher.read(SocketDispatcher.java:43)
	at sun.nio.ch.IOUtil.readIntoNativeBuffer(IOUtil.java:223)
	at sun.nio.ch.IOUtil.read(IOUtil.java:192)
	at sun.nio.ch.SocketChannelImpl.read(SocketChannelImpl.java:380)
	at org.jboss.netty.channel.socket.nio.NioWorker.read(NioWorker.java:322)
	at org.jboss.netty.channel.socket.nio.NioWorker.processSelectedKeys(NioWorker.java:281)
	at org.jboss.netty.channel.socket.nio.NioWorker.run(NioWorker.java:201)
	at org.jboss.netty.util.internal.IoWorkerRunnable.run(IoWorkerRunnable.java:46)
	at java.util.concurrent.ThreadPoolExecutor.runWorker(ThreadPoolExecutor.java:1149)
	at java.util.concurrent.ThreadPoolExecutor$Worker.run(ThreadPoolExecutor.java:624)
	at java.lang.Thread.run(Thread.java:748)

2020-04-26 09:54:02.844 [New I/O server worker #1-13] ERROR c.a.otter.canal.server.netty.handler.SessionHandler - something goes wrong with channel:[id: 0x41414cdf, /127.0.0.1:56466 => /127.0.0.1:11111], exception=java.io.IOException: 远程主机强迫关闭了一个现有的连接。
	at sun.nio.ch.SocketDispatcher.read0(Native Method)
	at sun.nio.ch.SocketDispatcher.read(SocketDispatcher.java:43)
	at sun.nio.ch.IOUtil.readIntoNativeBuffer(IOUtil.java:223)
	at sun.nio.ch.IOUtil.read(IOUtil.java:192)
	at sun.nio.ch.SocketChannelImpl.read(SocketChannelImpl.java:380)
	at org.jboss.netty.channel.socket.nio.NioWorker.read(NioWorker.java:322)
	at org.jboss.netty.channel.socket.nio.NioWorker.processSelectedKeys(NioWorker.java:281)
	at org.jboss.netty.channel.socket.nio.NioWorker.run(NioWorker.java:201)
	at org.jboss.netty.util.internal.IoWorkerRunnable.run(IoWorkerRunnable.java:46)
	at java.util.concurrent.ThreadPoolExecutor.runWorker(ThreadPoolExecutor.java:1149)
	at java.util.concurrent.ThreadPoolExecutor$Worker.run(ThreadPoolExecutor.java:624)
	at java.lang.Thread.run(Thread.java:748)

